E:\ST\STM32CubeCLT_1.19.0\CMake\bin\cmake.exe -DCMAKE_BUILD_TYPE=Debug -DCMAKE_MAKE_PROGRAM=E:/ST/STM32CubeCLT_1.19.0/Ninja/bin/ninja.exe -DCMAKE_C_COMPILER=E:/ST/STM32CubeCLT_1.19.0/GNU-tools-for-STM32/bin/arm-none-eabi-gcc.exe -DCMAKE_CXX_COMPILER=E:/ST/STM32CubeCLT_1.19.0/GNU-tools-for-STM32/bin/arm-none-eabi-g++.exe -G Ninja -S E:\YUQIRI\Logical-Analyse-Machine\LogicalAnalayser -B E:\YUQIRI\Logical-Analyse-Machine\LogicalAnalayser\cmake-build-debug
-- The C compiler identification is GNU 13.3.1
-- The CXX compiler identification is GNU 13.3.1
-- Detecting C compiler ABI info
-- Detecting C compiler ABI info - failed
-- Check for working C compiler: E:/ST/STM32CubeCLT_1.19.0/GNU-tools-for-STM32/bin/arm-none-eabi-gcc.exe
-- Check for working C compiler: E:/ST/STM32CubeCLT_1.19.0/GNU-tools-for-STM32/bin/arm-none-eabi-gcc.exe - broken
CMake Error at E:/ST/STM32CubeCLT_1.19.0/CMake/share/cmake-3.28/Modules/CMakeTestCCompiler.cmake:67 (message):
  The C compiler

    "E:/ST/STM32CubeCLT_1.19.0/GNU-tools-for-STM32/bin/arm-none-eabi-gcc.exe"

  is not able to compile a simple test program.

  It fails with the following output:

    Change Dir: 'E:/YUQIRI/Logical-Analyse-Machine/LogicalAnalayser/cmake-build-debug/CMakeFiles/CMakeScratch/TryCompile-bsxceu'
    
    Run Build Command(s): E:/ST/STM32CubeCLT_1.19.0/Ninja/bin/ninja.exe -v cmTC_9b93c
    [1/2] E:\ST\STM32CubeCLT_1.19.0\GNU-tools-for-STM32\bin\arm-none-eabi-gcc.exe   -std=gnu11 -fdiagnostics-color=always -o CMakeFiles/cmTC_9b93c.dir/testCCompiler.c.obj -c E:/YUQIRI/Logical-Analyse-Machine/LogicalAnalayser/cmake-build-debug/CMakeFiles/CMakeScratch/TryCompile-bsxceu/testCCompiler.c
    [2/2] C:\WINDOWS\system32\cmd.exe /C "cd . && E:\ST\STM32CubeCLT_1.19.0\GNU-tools-for-STM32\bin\arm-none-eabi-gcc.exe   CMakeFiles/cmTC_9b93c.dir/testCCompiler.c.obj -o cmTC_9b93c.exe -Wl,--out-implib,libcmTC_9b93c.dll.a -Wl,--major-image-version,0,--minor-image-version,0  -lkernel32 -luser32 -lgdi32 -lwinspool -lshell32 -lole32 -loleaut32 -luuid -lcomdlg32 -ladvapi32 && cd ."
    FAILED: cmTC_9b93c.exe 
    C:\WINDOWS\system32\cmd.exe /C "cd . && E:\ST\STM32CubeCLT_1.19.0\GNU-tools-for-STM32\bin\arm-none-eabi-gcc.exe   CMakeFiles/cmTC_9b93c.dir/testCCompiler.c.obj -o cmTC_9b93c.exe -Wl,--out-implib,libcmTC_9b93c.dll.a -Wl,--major-image-version,0,--minor-image-version,0  -lkernel32 -luser32 -lgdi32 -lwinspool -lshell32 -lole32 -loleaut32 -luuid -lcomdlg32 -ladvapi32 && cd ."
    E:/ST/STM32CubeCLT_1.19.0/GNU-tools-for-STM32/bin/../lib/gcc/arm-none-eabi/13.3.1/../../../../arm-none-eabi/bin/ld.exe: unrecognized option '--major-image-version'
    E:/ST/STM32CubeCLT_1.19.0/GNU-tools-for-STM32/bin/../lib/gcc/arm-none-eabi/13.3.1/../../../../arm-none-eabi/bin/ld.exe: use the --help option for usage information
    collect2.exe: error: ld returned 1 exit status
    ninja: build stopped: subcommand failed.
    
    

  

  CMake will not be able to correctly generate this project.
Call Stack (most recent call first):
  CMakeLists.txt:28 (project)


-- Configuring incomplete, errors occurred!
